C51 COMPILER V9.54   MAIN                                                                  10/19/2023 03:03:42 PAGE 1   


C51 COMPILER V9.54, COMPILATION OF MODULE MAIN
OBJECT MODULE PLACED IN .\Objects\main.obj
COMPILER INVOKED BY: D:\Keil_v5\C51\BIN\C51.EXE main.c OPTIMIZE(8,SPEED) BROWSE DEBUG OBJECTEXTEND PRINT(.\Listings\main
                    -.lst) OBJECT(.\Objects\main.obj)

line level    source

   1          #include <REGX52.H>
   2          #include "Delay.h"
   3          #include "Nixie.h"
   4          
   5          
   6          
   7          void main(){
   8   1      
   9   1              while(1){
  10   2                      
  11   2                      
  12   2                      Nixie(1,1);
  13   2                      Nixie(2,2);
  14   2                      Nixie(3,3);
  15   2                      Nixie(4,4);
  16   2                      Nixie(5,5);
  17   2                      Nixie(6,6);
  18   2              
  19   2              }
  20   1      
  21   1      
  22   1      }


MODULE INFORMATION:   STATIC OVERLAYABLE
   CODE SIZE        =     56    ----
   CONSTANT SIZE    =   ----    ----
   XDATA SIZE       =   ----    ----
   PDATA SIZE       =   ----    ----
   DATA SIZE        =   ----    ----
   IDATA SIZE       =   ----    ----
   BIT SIZE         =   ----    ----
END OF MODULE INFORMATION.


C51 COMPILATION COMPLETE.  0 WARNING(S),  0 ERROR(S)
