C51 COMPILER V9.54   MAIN                                                                  10/15/2023 00:34:59 PAGE 1   


C51 COMPILER V9.54, COMPILATION OF MODULE MAIN
OBJECT MODULE PLACED IN .\Objects\main.obj
COMPILER INVOKED BY: D:\Keil_v5\C51\BIN\C51.EXE main.c OPTIMIZE(8,SPEED) BROWSE DEBUG OBJECTEXTEND PRINT(.\Listings\main
                    -.lst) OBJECT(.\Objects\main.obj)

line level    source

   1          #include <REGX52.H>
   2          
   3          
   4          
   5          void main(){
   6   1      
   7   1      //      P2=0xFE;
   8   1              P2_0=0;
   9   1              while(1){
  10   2                      
  11   2                      if(P3_0==0 ){
  12   3                              P2_0=0;
  13   3                      }
  14   2                      else
  15   2                      {
  16   3                              P2_0=1;
  17   3                      }
  18   2              
  19   2              }
  20   1      
  21   1      
  22   1      
  23   1      }


MODULE INFORMATION:   STATIC OVERLAYABLE
   CODE SIZE        =     13    ----
   CONSTANT SIZE    =   ----    ----
   XDATA SIZE       =   ----    ----
   PDATA SIZE       =   ----    ----
   DATA SIZE        =   ----    ----
   IDATA SIZE       =   ----    ----
   BIT SIZE         =   ----    ----
END OF MODULE INFORMATION.


C51 COMPILATION COMPLETE.  0 WARNING(S),  0 ERROR(S)
