C51 COMPILER V9.54   MAIN                                                                  10/15/2023 01:29:31 PAGE 1   


C51 COMPILER V9.54, COMPILATION OF MODULE MAIN
OBJECT MODULE PLACED IN .\Objects\main.obj
COMPILER INVOKED BY: D:\Keil_v5\C51\BIN\C51.EXE main.c OPTIMIZE(8,SPEED) BROWSE DEBUG OBJECTEXTEND PRINT(.\Listings\main
                    -.lst) OBJECT(.\Objects\main.obj)

line level    source

   1          #include <REGX52.H>
   2          
   3          void Delay(unsigned int xms);           
   4          
   5          
   6          void main(){
   7   1      
   8   1      //      P2=0xFE;
   9   1              
  10   1              while(1){
  11   2                       
  12   2                      if(P3_1==0){
  13   3                              
  14   3                              Delay(20);   //按下抖动
  15   3                              
  16   3                              while(P3_1==0);
  17   3                              Delay(20);   //松手抖动
  18   3                              P2--;  //直接取反
  19   3                      
  20   3                      }
  21   2              
  22   2                      
  23   2              }
  24   1      
  25   1      
  26   1      
  27   1      }
  28          
  29          void Delay(unsigned int xms)            
  30          {
  31   1              unsigned char i, j;
  32   1              
  33   1              while(xms){
  34   2                      i = 2;
  35   2                      j = 239;
  36   2                      do
  37   2                      {
  38   3                              while (--j);
  39   3                      } while (--i);
  40   2                      xms--;
  41   2              
  42   2              }
  43   1              
  44   1      }
  45          


MODULE INFORMATION:   STATIC OVERLAYABLE
   CODE SIZE        =     44    ----
   CONSTANT SIZE    =   ----    ----
   XDATA SIZE       =   ----    ----
   PDATA SIZE       =   ----    ----
   DATA SIZE        =   ----    ----
   IDATA SIZE       =   ----    ----
C51 COMPILER V9.54   MAIN                                                                  10/15/2023 01:29:31 PAGE 2   

   BIT SIZE         =   ----    ----
END OF MODULE INFORMATION.


C51 COMPILATION COMPLETE.  0 WARNING(S),  0 ERROR(S)
