C51 COMPILER V9.54   AT24C02                                                               11/13/2023 15:15:00 PAGE 1   


C51 COMPILER V9.54, COMPILATION OF MODULE AT24C02
OBJECT MODULE PLACED IN .\Objects\AT24C02.obj
COMPILER INVOKED BY: D:\Keil_v5\C51\BIN\C51.EXE AT24C02.c OPTIMIZE(8,SPEED) BROWSE DEBUG OBJECTEXTEND PRINT(.\Listings\A
                    -T24C02.lst) OBJECT(.\Objects\AT24C02.obj)

line level    source

   1          #include <REGX52.H>
   2          #include "I2C.h"
   3          
   4          #define AT24C02_ADDRESS  0xA0
   5          
   6          /**
   7            * @brief   AT24C02写入一个字节
   8            * @param   WordAddress 要写入字节的地址 Data 要写入的数据
   9            * @retval  无
  10            
  11          */
  12          void AT24C02_WriteByte(unsigned char WordAddress,Data)
  13          {
  14   1              
  15   1              I2C_Start();
  16   1              I2C_SendByte(AT24C02_ADDRESS);
  17   1              I2C_ReceiveAck();
  18   1              I2C_SendByte(WordAddress);
  19   1              I2C_ReceiveAck();
  20   1              I2C_SendByte(Data);
  21   1              I2C_ReceiveAck();
  22   1              
  23   1              I2C_Stop();
  24   1       
  25   1      }
  26          
  27          
  28          /**
  29            * @brief   AT24C02读取一个字节
  30            * @param   WordAddress 要读出字节的地址
  31            * @retval  读出的数据
  32            
  33          */
  34          unsigned char AT24C02_ReadByte(unsigned char WordAddress)
  35          {
  36   1              unsigned char Data;
  37   1              
  38   1              I2C_Start();
  39   1              I2C_SendByte(AT24C02_ADDRESS);
  40   1              I2C_ReceiveAck();
  41   1              I2C_SendByte(WordAddress);
  42   1              I2C_ReceiveAck();
  43   1              
  44   1              I2C_Start();
  45   1              I2C_SendByte(AT24C02_ADDRESS|0x01);
  46   1              I2C_ReceiveAck();
  47   1              Data=I2C_ReceiveByte();
  48   1              I2C_SendAck(1);
  49   1              I2C_Stop();
  50   1              
  51   1              
  52   1              return Data;
  53   1      }

C51 COMPILER V9.54   AT24C02                                                               11/13/2023 15:15:00 PAGE 2   


MODULE INFORMATION:   STATIC OVERLAYABLE
   CODE SIZE        =     84    ----
   CONSTANT SIZE    =   ----    ----
   XDATA SIZE       =   ----    ----
   PDATA SIZE       =   ----    ----
   DATA SIZE        =   ----       5
   IDATA SIZE       =   ----    ----
   BIT SIZE         =   ----    ----
END OF MODULE INFORMATION.


C51 COMPILATION COMPLETE.  0 WARNING(S),  0 ERROR(S)
