C51 COMPILER V9.54   KEY                                                                   11/08/2023 21:01:00 PAGE 1   


C51 COMPILER V9.54, COMPILATION OF MODULE KEY
OBJECT MODULE PLACED IN .\Objects\Key.obj
COMPILER INVOKED BY: D:\Keil_v5\C51\BIN\C51.EXE Key.c OPTIMIZE(8,SPEED) BROWSE DEBUG OBJECTEXTEND PRINT(.\Listings\Key.l
                    -st) OBJECT(.\Objects\Key.obj)

line level    source

   1          #include <REGX52.H>
   2          #include "Delay.h"
   3          
   4          
   5          unsigned char Key_KeyNumber;
   6          
   7          unsigned char Key(void)
   8          {
   9   1              unsigned char Temp=0;
  10   1               
  11   1              Temp=Key_KeyNumber;
  12   1              Key_KeyNumber=0;
  13   1              
  14   1              return Temp;
  15   1      }
  16          
  17          unsigned char Key_GetState()
  18          {
  19   1              unsigned char KeyNumber=0;
  20   1              
  21   1              if(P3_1==0){KeyNumber=1;}
  22   1              if(P3_0==0){KeyNumber=2;}
  23   1              if(P3_2==0){KeyNumber=3;}
  24   1              if(P3_3==0){KeyNumber=4;}
  25   1              
  26   1              return KeyNumber;
  27   1      }
  28          
  29          void Key_Loop(void)
  30          {
  31   1              static unsigned char NowState,LastState;
  32   1              
  33   1              LastState=NowState;
  34   1              NowState=Key_GetState();
  35   1              
  36   1              if(LastState==1 && NowState==0)
  37   1              {
  38   2                      Key_KeyNumber=1;
  39   2              }
  40   1              if(LastState==2 && NowState==0)
  41   1              {
  42   2                      Key_KeyNumber=2;
  43   2              }
  44   1              if(LastState==3 && NowState==0)
  45   1              {
  46   2                      Key_KeyNumber=3;
  47   2              }
  48   1              if(LastState==4 && NowState==0)
  49   1              {
  50   2                      Key_KeyNumber=4;
  51   2              }
  52   1              
  53   1              
  54   1      }
C51 COMPILER V9.54   KEY                                                                   11/08/2023 21:01:00 PAGE 2   



MODULE INFORMATION:   STATIC OVERLAYABLE
   CODE SIZE        =     85    ----
   CONSTANT SIZE    =   ----    ----
   XDATA SIZE       =   ----    ----
   PDATA SIZE       =   ----    ----
   DATA SIZE        =      3    ----
   IDATA SIZE       =   ----    ----
   BIT SIZE         =   ----    ----
END OF MODULE INFORMATION.


C51 COMPILATION COMPLETE.  0 WARNING(S),  0 ERROR(S)
