C51 COMPILER V9.54   MAIN                                                                  11/13/2023 15:15:00 PAGE 1   


C51 COMPILER V9.54, COMPILATION OF MODULE MAIN
OBJECT MODULE PLACED IN .\Objects\main.obj
COMPILER INVOKED BY: D:\Keil_v5\C51\BIN\C51.EXE main.c OPTIMIZE(8,SPEED) BROWSE DEBUG OBJECTEXTEND PRINT(.\Listings\main
                    -.lst) OBJECT(.\Objects\main.obj)

line level    source

   1          #include <REGX52.H>
   2          #include "Key.h"
   3          #include "Nixie.h"
   4          #include "Timer0.h"
   5          #include "Delay.h"
   6          #include "AT24C02.h"
   7          
   8          
   9          unsigned char KeyNum;
  10          
  11          unsigned char Min,Sec,MiniSec;
  12          unsigned char RunFlag;
  13          
  14          void main()
  15          {
  16   1              Timer0_Init();
  17   1              
  18   1              while(1)
  19   1              {
  20   2                      KeyNum=Key();
  21   2                      if(KeyNum==1)
  22   2                      {
  23   3                              RunFlag=!RunFlag;
  24   3                      }
  25   2                      if(KeyNum==2)
  26   2                      {
  27   3                              Min=0;
  28   3                              Sec=0;
  29   3                              MiniSec=0;
  30   3                      }
  31   2                      if(KeyNum==3)
  32   2                      {
  33   3                              AT24C02_WriteByte(0,Min);
  34   3                              Delay(5);
  35   3                              AT24C02_WriteByte(1,Sec);
  36   3                              Delay(5);
  37   3                              AT24C02_WriteByte(2,MiniSec);
  38   3                              Delay(5);
  39   3                      }
  40   2                      if(KeyNum==4)
  41   2                      {
  42   3                              Min=AT24C02_ReadByte(0);
  43   3                              Sec=AT24C02_ReadByte(1);
  44   3                              MiniSec=AT24C02_ReadByte(2);
  45   3                      }
  46   2                      Nixie_SetBuf(1,Min/10); 
  47   2                      Nixie_SetBuf(2,Min%10); 
  48   2                      Nixie_SetBuf(3,11);     
  49   2                      Nixie_SetBuf(4,Sec/10); 
  50   2                      Nixie_SetBuf(5,Sec%10); 
  51   2                      Nixie_SetBuf(6,11);     
  52   2                      Nixie_SetBuf(7,MiniSec/10);     
  53   2                      Nixie_SetBuf(8,MiniSec%10);     
  54   2                      
C51 COMPILER V9.54   MAIN                                                                  11/13/2023 15:15:00 PAGE 2   

  55   2              }
  56   1      }
  57          
  58          
  59          void Sec_Loop(void)
  60          {
  61   1              if(RunFlag)
  62   1              {
  63   2                      MiniSec++;
  64   2                      if(MiniSec>=100)
  65   2                      {
  66   3                              MiniSec=0;
  67   3                              Sec++;
  68   3                              if(Sec>=60)
  69   3                              {
  70   4                                      Sec=0;
  71   4                                      Min++;
  72   4                                      if(Min>=60)
  73   4                                      {
  74   5                                              Min=0; 
  75   5                                      }
  76   4                              }
  77   3                      }
  78   2              }
  79   1      }
  80          
  81          
  82          void Timer0_Rountine()  interrupt 1
  83          {
  84   1              static unsigned int T0Count1=0,T0Count2=0,T0Count3=0;
  85   1              
  86   1              TH0=0xFC;
  87   1              TL0=0x66;
  88   1              
  89   1              T0Count1++;
  90   1              if(T0Count1>=15)
  91   1              {
  92   2                      T0Count1=0;
  93   2                      Key_Loop();
  94   2              }
  95   1              
  96   1              T0Count2++;
  97   1              if(T0Count2>=2)
  98   1              {
  99   2                      T0Count2=0;
 100   2                      Nixie_Loop();
 101   2              }
 102   1              T0Count3++;
 103   1              if(T0Count3>=10)
 104   1              {
 105   2                      T0Count3=0;
 106   2                      Sec_Loop();
 107   2              }
 108   1              
 109   1      
 110   1      }


MODULE INFORMATION:   STATIC OVERLAYABLE
   CODE SIZE        =    410    ----
   CONSTANT SIZE    =   ----    ----
   XDATA SIZE       =   ----    ----
C51 COMPILER V9.54   MAIN                                                                  11/13/2023 15:15:00 PAGE 3   

   PDATA SIZE       =   ----    ----
   DATA SIZE        =     11    ----
   IDATA SIZE       =   ----    ----
   BIT SIZE         =   ----    ----
END OF MODULE INFORMATION.


C51 COMPILATION COMPLETE.  0 WARNING(S),  0 ERROR(S)
