C51 COMPILER V9.54   TIMER0                                                                11/08/2023 16:33:15 PAGE 1   


C51 COMPILER V9.54, COMPILATION OF MODULE TIMER0
OBJECT MODULE PLACED IN .\Objects\Timer0.obj
COMPILER INVOKED BY: D:\Keil_v5\C51\BIN\C51.EXE Timer0.c OPTIMIZE(8,SPEED) BROWSE DEBUG OBJECTEXTEND PRINT(.\Listings\Ti
                    -mer0.lst) OBJECT(.\Objects\Timer0.obj)

line level    source

   1          #include <REGX52.H>
   2          
   3          /**
   4            * @brief      定时器0初始化，1毫秒@11.0592MHz
   5            * @param      无
   6            * @retval     无
   7            
   8          */
   9          void Timer0_Init()              //1毫秒@11.0592MHz
  10          {
  11   1                              //配置定时器工作模式
  12   1                                      //高四位不变，低四位清零
  13   1                                  //高四位不变，低四位置1
  14   1                                          //通过与或的方式只改变低四位，不影响高四位
  15   1              TMOD&=0xF0;
  16   1              TMOD|=0x01;
  17   1              
  18   1              TF0=0;                  //清除TF0标志
  19   1              TR0=1;                  //定时器0开始计时
  20   1              
  21   1              TH0=0xFC;               //设置定时初值
  22   1              TL0=0x66;               //设置定时初值
  23   1              
  24   1              ET0=1;                  //定时器0中断允许
  25   1              EA=1;                   //中断总开关打开
  26   1              
  27   1              PT0=0;                  //优先级最低
  28   1      }
  29          
  30          
  31          /*  定时器中断函数模板
  32          
  33          void Timer0_Rountine()  interrupt 1
  34          {
  35                  static unsigned int T0Count=0; //静态变量 子函数退出后保留，不销毁
  36                  
  37                  //为了让定时器始终每隔1ms溢出一次，因此每次溢出时都进行赋值
  38                  TH0=0xFC;
  39                  TL0=0x66;
  40                  T0Count++;
  41                  
  42                  //溢出一千次改变一次状态，就可以做成一秒闪一次
  43                  if(T0Count>=1000)
  44                  {
  45                          T0Count=0;
  46                          P2_0=~P2_0;
  47                  }
  48          
  49          }
  50          
  51          
  52          */


C51 COMPILER V9.54   TIMER0                                                                11/08/2023 16:33:15 PAGE 2   

MODULE INFORMATION:   STATIC OVERLAYABLE
   CODE SIZE        =     23    ----
   CONSTANT SIZE    =   ----    ----
   XDATA SIZE       =   ----    ----
   PDATA SIZE       =   ----    ----
   DATA SIZE        =   ----    ----
   IDATA SIZE       =   ----    ----
   BIT SIZE         =   ----    ----
END OF MODULE INFORMATION.


C51 COMPILATION COMPLETE.  0 WARNING(S),  0 ERROR(S)
