C51 COMPILER V9.54   MAIN                                                                  11/02/2023 22:26:57 PAGE 1   


C51 COMPILER V9.54, COMPILATION OF MODULE MAIN
OBJECT MODULE PLACED IN .\Objects\main.obj
COMPILER INVOKED BY: D:\Keil_v5\C51\BIN\C51.EXE main.c OPTIMIZE(8,SPEED) BROWSE DEBUG OBJECTEXTEND PRINT(.\Listings\main
                    -.lst) OBJECT(.\Objects\main.obj)

line level    source

   1          #include <REGX52.H>
   2          #include "Delay.h"
   3          #include "Key.h"
   4          #include "Nixie.h"      
   5          #include "Buzzer.h"     
   6          
   7          
   8          unsigned char KeyNum=0;
   9          
  10          
  11          void main()
  12          {
  13   1              Nixie(1,0);
  14   1              
  15   1              while(1)
  16   1              {
  17   2                      KeyNum=Key();
  18   2                      
  19   2                      if(KeyNum!=0)
  20   2                      {
  21   3                              Buzzer_Time(1000);
  22   3                              
  23   3                              
  24   3                              Nixie(1,KeyNum);
  25   3                      }
  26   2                      
  27   2                      
  28   2              }
  29   1      }


MODULE INFORMATION:   STATIC OVERLAYABLE
   CODE SIZE        =     36    ----
   CONSTANT SIZE    =   ----    ----
   XDATA SIZE       =   ----    ----
   PDATA SIZE       =   ----    ----
   DATA SIZE        =      1    ----
   IDATA SIZE       =   ----    ----
   BIT SIZE         =   ----    ----
END OF MODULE INFORMATION.


C51 COMPILATION COMPLETE.  0 WARNING(S),  0 ERROR(S)
