C51 COMPILER V9.54   MAIN                                                                  10/29/2023 17:11:42 PAGE 1   


C51 COMPILER V9.54, COMPILATION OF MODULE MAIN
OBJECT MODULE PLACED IN .\Objects\main.obj
COMPILER INVOKED BY: D:\Keil_v5\C51\BIN\C51.EXE main.c OPTIMIZE(8,SPEED) BROWSE DEBUG OBJECTEXTEND PRINT(.\Listings\main
                    -.lst) OBJECT(.\Objects\main.obj)

line level    source

   1          #include <REGX52.H>
   2          #include "Delay.h"
   3          
   4          //74HC595管脚
   5          sbit    RCK = P3^5;    //RCLK
   6          sbit    SCK = P3^6;        //SRCLK
   7          sbit    SER = P3^4;
   8          
   9          #define MATRIX_LED_PORT         P0
  10          
  11          
  12          /**
  13            * @brief   74HC595写入一个字节
  14            * @param   Byte 要写入的字节
  15            * @retval  无
  16            
  17          */
  18          void _74HC595_WriteByte(unsigned char Byte)
  19          {
  20   1              unsigned char i;
  21   1              
  22   1              for(i=0;i<8;i++)
  23   1              {
  24   2                      SER=Byte&(0x80>>i); //循环一次，右移一位，直到取出Byte的全部八位
  25   2                      SCK=1;
  26   2                      SCK=0;
  27   2              }
  28   1              
  29   1              RCK=1;
  30   1              RCK=0;
  31   1              
  32   1              /*
  33   1              SER=Byte&0x80;
  34   1              八位赋值给一位，且“Byte&0x80”非0即1，那么“SER”同样非0即1
  35   1              */
  36   1      }
  37          
  38          
  39          /**
  40            * @brief   LED点阵屏显示一列数据
  41            * @param   Column 要选择的列，范围：0~7，第0列在最左边
  42            * @param       Data 所选择列显示的数据，高位在上，1为亮，0为灭
  43            * @retval  无
  44            
  45          */
  46          void MatrixLED_ShowColumn(unsigned char Column,Data)
  47          {
  48   1              _74HC595_WriteByte(Data);
  49   1              MATRIX_LED_PORT=~(0x80>>Column);
  50   1              
  51   1              Delay(1);
  52   1              MATRIX_LED_PORT=0xFF;
  53   1      
  54   1      }
C51 COMPILER V9.54   MAIN                                                                  10/29/2023 17:11:42 PAGE 2   

  55          
  56          
  57          
  58          void main()
  59          {
  60   1              SCK=0;
  61   1              RCK=0;
  62   1              
  63   1              
  64   1              while(1)
  65   1              {
  66   2                      MatrixLED_ShowColumn(0,0x3C);
  67   2                      MatrixLED_ShowColumn(1,0x42);
  68   2                      MatrixLED_ShowColumn(2,0xA9);
  69   2                      MatrixLED_ShowColumn(3,0x85);
  70   2                      MatrixLED_ShowColumn(4,0x85);
  71   2                      MatrixLED_ShowColumn(5,0xA9);
  72   2                      MatrixLED_ShowColumn(6,0x42);
  73   2                      MatrixLED_ShowColumn(7,0x3C);
  74   2                      
  75   2              }
  76   1      }


MODULE INFORMATION:   STATIC OVERLAYABLE
   CODE SIZE        =    157    ----
   CONSTANT SIZE    =   ----    ----
   XDATA SIZE       =   ----    ----
   PDATA SIZE       =   ----    ----
   DATA SIZE        =   ----    ----
   IDATA SIZE       =   ----    ----
   BIT SIZE         =   ----    ----
END OF MODULE INFORMATION.


C51 COMPILATION COMPLETE.  0 WARNING(S),  0 ERROR(S)
