C51 COMPILER V9.54   I2C                                                                   11/07/2023 16:30:31 PAGE 1   


C51 COMPILER V9.54, COMPILATION OF MODULE I2C
OBJECT MODULE PLACED IN .\Objects\I2C.obj
COMPILER INVOKED BY: D:\Keil_v5\C51\BIN\C51.EXE I2C.c OPTIMIZE(8,SPEED) BROWSE DEBUG OBJECTEXTEND PRINT(.\Listings\I2C.l
                    -st) OBJECT(.\Objects\I2C.obj)

line level    source

   1          #include <REGX52.H>
   2          
   3          sbit I2C_SCL=P2^1;
   4          sbit I2C_SDA=P2^0;
   5          
   6          /**
   7            * @brief   I2C开始
   8            * @param   无
   9            * @retval  无
  10            
  11          */
  12          void I2C_Start(void)
  13          {
  14   1              I2C_SDA=1;  //释放SDA
  15   1              I2C_SCL=1;
  16   1              
  17   1              I2C_SDA=0;
  18   1              I2C_SCL=0;
  19   1      }       
  20          
  21          /**
  22            * @brief   I2C停止
  23            * @param   无
  24            * @retval  无
  25            
  26          */
  27          void I2C_Stop(void)
  28          {
  29   1              I2C_SDA=0;
  30   1              
  31   1              I2C_SCL=1;
  32   1              I2C_SDA=1;
  33   1      }
  34          
  35          /**
  36            * @brief   I2C发送一个字节
  37            * @param   Byte 要发送的一个字节
  38            * @retval  无
  39            
  40          */
  41          void I2C_SendByte(unsigned char Byte)
  42          {
  43   1              unsigned char i;
  44   1              for(i=0;i<8;i++)
  45   1              {
  46   2                      I2C_SDA=Byte & (0x80>>i);
  47   2                      I2C_SCL=1;
  48   2                      I2C_SCL=0;
  49   2              }
  50   1      }
  51          
  52          /**
  53            * @brief   I2C接收一个字节
  54            * @param   无
C51 COMPILER V9.54   I2C                                                                   11/07/2023 16:30:31 PAGE 2   

  55            * @retval  接收到的一个字节数据
  56            
  57          */
  58          unsigned char I2C_ReceiveByte(void)
  59          {
  60   1              unsigned char Byte=0x00,i;
  61   1      
  62   1              I2C_SDA=1;  //释放SDA
  63   1              
  64   1              for(i=0;i<8;i++)
  65   1              {
  66   2                      I2C_SCL=1;
  67   2                      if(I2C_SDA==1){Byte |= (0x80>>i);}
  68   2                      I2C_SCL=0;
  69   2              
  70   2              }
  71   1              return Byte;
  72   1      }
  73          
  74          /**
  75            * @brief   I2C发送应答
  76            * @param   AckBit 应答位，0为应答，1为非应答
  77            * @retval  无
  78            
  79          */
  80          void I2C_SendAck(unsigned char AckBit)
  81          {
  82   1              I2C_SDA=AckBit;
  83   1              I2C_SCL=1;
  84   1              I2C_SCL=0;
  85   1      }
  86          
  87          /**
  88            * @brief   I2C接收应答位
  89            * @param   无
  90            * @retval  接受到的应答位，0为应答，1为非应答
  91            
  92          */
  93          unsigned char I2C_ReceiveAck(void)
  94          {
  95   1              unsigned char AckBit;
  96   1              I2C_SDA=1;   //释放SDA
  97   1              
  98   1              I2C_SCL=1;
  99   1              AckBit=I2C_SDA;
 100   1              I2C_SCL=0;
 101   1              
 102   1              return AckBit;
 103   1      }
 104          
 105          
 106          
 107          
 108          
 109          
 110          
 111          


MODULE INFORMATION:   STATIC OVERLAYABLE
   CODE SIZE        =    109    ----
   CONSTANT SIZE    =   ----    ----
C51 COMPILER V9.54   I2C                                                                   11/07/2023 16:30:31 PAGE 3   

   XDATA SIZE       =   ----    ----
   PDATA SIZE       =   ----    ----
   DATA SIZE        =   ----    ----
   IDATA SIZE       =   ----    ----
   BIT SIZE         =   ----    ----
END OF MODULE INFORMATION.


C51 COMPILATION COMPLETE.  0 WARNING(S),  0 ERROR(S)
