C51 COMPILER V9.54   NIXIE                                                                 10/19/2023 02:56:07 PAGE 1   


C51 COMPILER V9.54, COMPILATION OF MODULE NIXIE
OBJECT MODULE PLACED IN .\Objects\Nixie.obj
COMPILER INVOKED BY: D:\Keil_v5\C51\BIN\C51.EXE Nixie.c OPTIMIZE(8,SPEED) BROWSE DEBUG OBJECTEXTEND PRINT(.\Listings\Nix
                    -ie.lst) OBJECT(.\Objects\Nixie.obj)

line level    source

   1          #include <REGX52.H>
   2          
   3          #include "Delay.h"
   4          
   5          
   6          
   7          
   8          void Nixie(unsigned char Location,Number){ //形参：位置 显示的位置
   9   1      
  10   1              unsigned char NixieTable[]={0x3f,0x06,0x5b,0x4f,0x66,0x6d,0x7d,0x07,0x7f,0x6f,0x77,0x7c,0x39,0x5e,0x79,0x
             -71};
  11   1              
  12   1              
  13   1              
  14   1              switch(Location){
  15   2              
  16   2                      case 1:P2_4=1;P2_3=1;P2_2=1; break;
  17   2                      case 2:P2_4=1;P2_3=1;P2_2=0; break;
  18   2                      case 3:P2_4=1;P2_3=0;P2_2=1; break;
  19   2                      case 4:P2_4=1;P2_3=0;P2_2=0; break;
  20   2                      case 5:P2_4=0;P2_3=1;P2_2=1; break;
  21   2                      case 6:P2_4=0;P2_3=1;P2_2=0; break;
  22   2                      case 7:P2_4=0;P2_3=0;P2_2=1; break;
  23   2                      case 8:P2_4=0;P2_3=0;P2_2=0; break;
  24   2              
  25   2              }
  26   1              
  27   1              P0=NixieTable[Number];
  28   1              Delay(1);
  29   1              P0=0x00;
  30   1      }


MODULE INFORMATION:   STATIC OVERLAYABLE
   CODE SIZE        =    136    ----
   CONSTANT SIZE    =     16    ----
   XDATA SIZE       =   ----    ----
   PDATA SIZE       =   ----    ----
   DATA SIZE        =   ----      19
   IDATA SIZE       =   ----    ----
   BIT SIZE         =   ----    ----
END OF MODULE INFORMATION.


C51 COMPILATION COMPLETE.  0 WARNING(S),  0 ERROR(S)
