C51 COMPILER V9.54   MAIN                                                                  10/29/2023 20:59:43 PAGE 1   


C51 COMPILER V9.54, COMPILATION OF MODULE MAIN
OBJECT MODULE PLACED IN .\Objects\main.obj
COMPILER INVOKED BY: D:\Keil_v5\C51\BIN\C51.EXE main.c OPTIMIZE(8,SPEED) BROWSE DEBUG OBJECTEXTEND PRINT(.\Listings\main
                    -.lst) OBJECT(.\Objects\main.obj)

line level    source

   1          #include <REGX52.H>
   2          
   3          #include "Delay.h"
   4          #include "MatrixLED.h"
   5          
   6          
   7          unsigned char code Animation[]={
   8                  
   9                  0x00,0x00,0x00,0x00,0x00,0x00,0x00,0x00,
  10                  0xFF,0x08,0x08,0x08,0xFF,0x00,0x00,0xFF,
  11                  0x89,0x89,0x89,0x89,0x00,0x00,0xFF,0x01,
  12                  0x01,0x01,0x01,0x00,0x00,0xFF,0x01,0x01,
  13                  0x01,0x01,0x00,0x7E,0x81,0x81,0x81,0x7E,
  14                  0x00,0x00,0x00,0x00,0x00,0x00,0x00,0x00,
  15          
  16          
  17          };
  18          
  19          
  20          void main()
  21          {
  22   1              unsigned char i,Offset=0,Count=0;
  23   1              
  24   1              
  25   1              MatrixLED_Init();
  26   1              
  27   1              while(1)
  28   1              {
  29   2                      
  30   2                      
  31   2                      for(i=0;i<8;i++)
  32   2                      {
  33   3                              MatrixLED_ShowColumn(i,Animation[i+Offset]);
  34   3                              
  35   3                      }
  36   2                      Count++;
  37   2                      if(Count>10)
  38   2                      {
  39   3                              Count=0;
  40   3                              Offset++;
  41   3                              
  42   3                              if(Offset>40)
  43   3                              {
  44   4                                      Offset=0;
  45   4                                      
  46   4                              }
  47   3                      }
  48   2                      
  49   2                      
  50   2                      
  51   2              }
  52   1      }


C51 COMPILER V9.54   MAIN                                                                  10/29/2023 20:59:43 PAGE 2   

MODULE INFORMATION:   STATIC OVERLAYABLE
   CODE SIZE        =     62    ----
   CONSTANT SIZE    =     48    ----
   XDATA SIZE       =   ----    ----
   PDATA SIZE       =   ----    ----
   DATA SIZE        =   ----       3
   IDATA SIZE       =   ----    ----
   BIT SIZE         =   ----    ----
END OF MODULE INFORMATION.


C51 COMPILATION COMPLETE.  0 WARNING(S),  0 ERROR(S)
