C51 COMPILER V9.54   MAIN                                                                  10/19/2023 01:38:21 PAGE 1   


C51 COMPILER V9.54, COMPILATION OF MODULE MAIN
OBJECT MODULE PLACED IN .\Objects\main.obj
COMPILER INVOKED BY: D:\Keil_v5\C51\BIN\C51.EXE main.c OPTIMIZE(8,SPEED) BROWSE DEBUG OBJECTEXTEND PRINT(.\Listings\main
                    -.lst) OBJECT(.\Objects\main.obj)

line level    source

   1          #include <REGX52.H>
   2          
   3          
   4          void Nixie(unsigned char Location,Number); 
   5          
   6          
   7          
   8          void main(){
   9   1      
  10   1              Nixie(8,13);
  11   1              while(1){
  12   2                      
  13   2                      
  14   2              }
  15   1      
  16   1      
  17   1      }
  18          
  19          void Nixie(unsigned char Location,Number){ //形参：位置 显示的位置
  20   1      
  21   1              unsigned char NixieTable[]={0x3f,0x06,0x5b,0x4f,0x66,0x6d,0x7d,0x07,0x7f,0x6f,0x77,0x7c,0x39,0x5e,0x79,0x
             -71};
  22   1              
  23   1              
  24   1              
  25   1              switch(Location){
  26   2              
  27   2                      case 1:P2_4=1;P2_3=1;P2_2=1; break;
  28   2                      case 2:P2_4=1;P2_3=1;P2_2=0; break;
  29   2                      case 3:P2_4=1;P2_3=0;P2_2=1; break;
  30   2                      case 4:P2_4=1;P2_3=0;P2_2=0; break;
  31   2                      case 5:P2_4=0;P2_3=1;P2_2=1; break;
  32   2                      case 6:P2_4=0;P2_3=1;P2_2=0; break;
  33   2                      case 7:P2_4=0;P2_3=0;P2_2=1; break;
  34   2                      case 8:P2_4=0;P2_3=0;P2_2=0; break;
  35   2              
  36   2              }
  37   1              
  38   1              P0=NixieTable[Number];
  39   1      
  40   1      }


MODULE INFORMATION:   STATIC OVERLAYABLE
   CODE SIZE        =    137    ----
   CONSTANT SIZE    =     16    ----
   XDATA SIZE       =   ----    ----
   PDATA SIZE       =   ----    ----
   DATA SIZE        =   ----      19
   IDATA SIZE       =   ----    ----
   BIT SIZE         =   ----    ----
END OF MODULE INFORMATION.


C51 COMPILATION COMPLETE.  0 WARNING(S),  0 ERROR(S)
