C51 COMPILER V9.54   MATRIXLED                                                             10/29/2023 20:40:45 PAGE 1   


C51 COMPILER V9.54, COMPILATION OF MODULE MATRIXLED
OBJECT MODULE PLACED IN .\Objects\MatrixLED.obj
COMPILER INVOKED BY: D:\Keil_v5\C51\BIN\C51.EXE MatrixLED.c OPTIMIZE(8,SPEED) BROWSE DEBUG OBJECTEXTEND PRINT(.\Listings
                    -\MatrixLED.lst) OBJECT(.\Objects\MatrixLED.obj)

line level    source

   1          #include <REGX52.H>
   2          #include "Delay.h"
   3          
   4          
   5          //74HC595管脚
   6          sbit    RCK = P3^5;    //RCLK
   7          sbit    SCK = P3^6;        //SRCLK
   8          sbit    SER = P3^4;
   9          
  10          #define MATRIX_LED_PORT         P0
  11          
  12          
  13          /**
  14            * @brief   74HC595写入一个字节
  15            * @param   Byte 要写入的字节
  16            * @retval  无
  17            
  18          */
  19          void _74HC595_WriteByte(unsigned char Byte)
  20          {
  21   1              unsigned char i;
  22   1              
  23   1              for(i=0;i<8;i++)
  24   1              {
  25   2                      SER=Byte&(0x80>>i); //循环一次，右移一位，直到取出Byte的全部八位
  26   2                      SCK=1;
  27   2                      SCK=0;
  28   2              }
  29   1              
  30   1              RCK=1;
  31   1              RCK=0;
  32   1              
  33   1              /*
  34   1              SER=Byte&0x80;
  35   1              八位赋值给一位，且“Byte&0x80”非0即1，那么“SER”同样非0即1
  36   1              */
  37   1      }
  38          
  39          
  40          
  41          
  42          /**
  43            * @brief      LED点阵屏初始化
  44            * @param      无
  45            * @retval     无
  46            
  47          */
  48          void MatrixLED_Init()
  49          {
  50   1              SCK=0;
  51   1              RCK=0;
  52   1      
  53   1      }
  54          
C51 COMPILER V9.54   MATRIXLED                                                             10/29/2023 20:40:45 PAGE 2   

  55          
  56          
  57          
  58          /**
  59            * @brief   LED点阵屏显示一列数据
  60            * @param   Column 要选择的列，范围：0~7，第0列在最左边
  61            * @param       Data 所选择列显示的数据，高位在上，1为亮，0为灭
  62            * @retval  无
  63            
  64          */
  65          void MatrixLED_ShowColumn(unsigned char Column,Data)
  66          {
  67   1              _74HC595_WriteByte(Data);
  68   1              MATRIX_LED_PORT=~(0x80>>Column);
  69   1              
  70   1              Delay(1);
  71   1              MATRIX_LED_PORT=0xFF;
  72   1      
  73   1      }


MODULE INFORMATION:   STATIC OVERLAYABLE
   CODE SIZE        =     84    ----
   CONSTANT SIZE    =   ----    ----
   XDATA SIZE       =   ----    ----
   PDATA SIZE       =   ----    ----
   DATA SIZE        =   ----    ----
   IDATA SIZE       =   ----    ----
   BIT SIZE         =   ----    ----
END OF MODULE INFORMATION.


C51 COMPILATION COMPLETE.  0 WARNING(S),  0 ERROR(S)
