C51 COMPILER V9.54   MAIN                                                                  10/24/2023 23:40:40 PAGE 1   


C51 COMPILER V9.54, COMPILATION OF MODULE MAIN
OBJECT MODULE PLACED IN .\Objects\main.obj
COMPILER INVOKED BY: D:\Keil_v5\C51\BIN\C51.EXE main.c OPTIMIZE(8,SPEED) BROWSE DEBUG OBJECTEXTEND PRINT(.\Listings\main
                    -.lst) OBJECT(.\Objects\main.obj)

line level    source

   1          #include <REGX52.H>
   2          #include "Delay.h"
   3          #include "LCD1602.h"
   4          #include "MatrixKey.h"
   5          
   6          
   7          unsigned char KeyNum;
   8          unsigned int Password,Count;
   9          
  10          void main(){
  11   1              
  12   1              
  13   1              LCD_Init();
  14   1              LCD_ShowString(1,1,"Password:");
  15   1              
  16   1              while(1){
  17   2              
  18   2                      KeyNum=MatrixKey();
  19   2                      
  20   2                      if(KeyNum!=0){
  21   3                              
  22   3                              if(KeyNum<=10){                         //若按下S1~S10，则判定为输入密码
  23   4                                      if(Count<4){                //若输入次数小于4
  24   5                                      
  25   5                                              Password*=10;            //密码左移一位
  26   5                                              Password+=KeyNum%10;     //获取一位密码
  27   5                                              Count++;                                 //计次加一
  28   5                                      }
  29   4                                      
  30   4                                      
  31   4                                      LCD_ShowNum(2,1,Password,4);  //更新显示
  32   4                              }
  33   3                      
  34   3                              if(KeyNum==11){                    //如果按下S11，则确定输入密码
  35   4                              
  36   4                                      if(Password==2345){               //如果密码正确，显示OK，反之显示ERR
  37   5                                      
  38   5                                              LCD_ShowString(1,14,"OK ");
  39   5                                              Password=0;      //密码清零
  40   5                                              Count=0;                //计次清零
  41   5                                              LCD_ShowNum(2,1,Password,4);
  42   5                                      }
  43   4                                      else{
  44   5                                              LCD_ShowString(1,14,"ERR");
  45   5                                              Password=0;      //密码清零
  46   5                                              Count=0;                //计次清零
  47   5                                              LCD_ShowNum(2,1,Password,4);
  48   5                                      }
  49   4                              
  50   4                              }
  51   3                              
  52   3                              if(KeyNum==12){            //如果按下S12，则清零 重置
  53   4                              
  54   4                                      Password=0;      //密码清零
C51 COMPILER V9.54   MAIN                                                                  10/24/2023 23:40:40 PAGE 2   

  55   4                                      Count=0;                //计次清零
  56   4                                      LCD_ShowNum(2,1,Password,4);
  57   4                              
  58   4                              }
  59   3                      
  60   3                      }
  61   2              
  62   2              
  63   2              
  64   2              }
  65   1      
  66   1      
  67   1              
  68   1              
  69   1              
  70   1              
  71   1              
  72   1      }
  73                  
  74                  
  75                  
  76                  


MODULE INFORMATION:   STATIC OVERLAYABLE
   CODE SIZE        =    189    ----
   CONSTANT SIZE    =     18    ----
   XDATA SIZE       =   ----    ----
   PDATA SIZE       =   ----    ----
   DATA SIZE        =      5    ----
   IDATA SIZE       =   ----    ----
   BIT SIZE         =   ----    ----
END OF MODULE INFORMATION.


C51 COMPILATION COMPLETE.  0 WARNING(S),  0 ERROR(S)
