C51 COMPILER V9.54   MAIN                                                                  11/07/2023 22:39:32 PAGE 1   


C51 COMPILER V9.54, COMPILATION OF MODULE MAIN
OBJECT MODULE PLACED IN .\Objects\main.obj
COMPILER INVOKED BY: D:\Keil_v5\C51\BIN\C51.EXE main.c OPTIMIZE(8,SPEED) BROWSE DEBUG OBJECTEXTEND PRINT(.\Listings\main
                    -.lst) OBJECT(.\Objects\main.obj)

line level    source

   1          #include <REGX52.H>
   2          #include "Delay.h"
   3          #include "Key.h"
   4          #include "LCD1602.h"
   5          #include "AT24C02.h"
   6          
   7          unsigned char KeyNum=0;
   8          unsigned int Num=0;
   9          
  10          void main()
  11          {
  12   1              LCD_Init();
  13   1              
  14   1              LCD_ShowNum(2,1,Num,5);
  15   1              while(1)
  16   1              {
  17   2                      KeyNum=Key();
  18   2                      if(KeyNum==1)
  19   2                      {
  20   3                              Num++;
  21   3                              LCD_ShowNum(2,1,Num,5);
  22   3                      }
  23   2                      
  24   2                      if(KeyNum==2)
  25   2                      {
  26   3                              Num--;
  27   3                              LCD_ShowNum(2,1,Num,5);
  28   3                      }
  29   2                      
  30   2                      if(KeyNum==3)
  31   2                      {
  32   3                              AT24C02_WriteByte(0,Num%256);
  33   3                              Delay(5);
  34   3                              AT24C02_WriteByte(1,Num/256);
  35   3                              Delay(5);
  36   3                              LCD_ShowString(1,1,"Write OK");
  37   3                              Delay(1000);
  38   3                              LCD_ShowString(1,1,"        ");
  39   3                      }
  40   2                      
  41   2                      if(KeyNum==4)
  42   2                      {
  43   3                              Num=AT24C02_ReadByte(0);
  44   3                              Num |= (AT24C02_ReadByte(1)<<8);
  45   3                              LCD_ShowNum(2,1,Num,5);  
  46   3                              LCD_ShowString(1,1,"Read OK");
  47   3                              Delay(1000);
  48   3                              LCD_ShowString(1,1,"       ");
  49   3                      }
  50   2                      
  51   2                      
  52   2              }
  53   1      }
  54          
C51 COMPILER V9.54   MAIN                                                                  11/07/2023 22:39:32 PAGE 2   

  55          
  56          


MODULE INFORMATION:   STATIC OVERLAYABLE
   CODE SIZE        =    223    ----
   CONSTANT SIZE    =     34    ----
   XDATA SIZE       =   ----    ----
   PDATA SIZE       =   ----    ----
   DATA SIZE        =      3    ----
   IDATA SIZE       =   ----    ----
   BIT SIZE         =   ----    ----
END OF MODULE INFORMATION.


C51 COMPILATION COMPLETE.  0 WARNING(S),  0 ERROR(S)
