C51 COMPILER V9.54   MAIN                                                                  10/29/2023 21:03:08 PAGE 1   


C51 COMPILER V9.54, COMPILATION OF MODULE MAIN
OBJECT MODULE PLACED IN .\Objects\main.obj
COMPILER INVOKED BY: D:\Keil_v5\C51\BIN\C51.EXE main.c OPTIMIZE(8,SPEED) BROWSE DEBUG OBJECTEXTEND PRINT(.\Listings\main
                    -.lst) OBJECT(.\Objects\main.obj)

line level    source

   1          #include <REGX52.H>
   2          
   3          #include "Delay.h"
   4          #include "MatrixLED.h"
   5          
   6          
   7          unsigned char code Animation[]={
   8                  
   9                  0x18,0x18,0x3D,0x5A,0x98,0x28,0x28,0x28,
  10                  0x5A,0x5A,0x3C,0x18,0x18,0x28,0x18,0x08,
  11                  0x30,0x18,0x3C,0x1C,0x18,0x18,0x18,0x08,
  12                  0x30,0x98,0x7C,0x18,0x18,0x28,0x18,0x08,
  13                  0x10,0x18,0x3C,0x3C,0x18,0x28,0x28,0x08,
  14                  0x30,0x18,0x3C,0x3C,0x18,0x24,0x24,0x44,
  15                  0x30,0x18,0x3C,0x38,0x18,0x28,0x24,0x44,
  16                  
  17                  0x18,0x0C,0x1E,0x1C,0x0C,0x14,0x24,0x44,
  18                  0x00,0x30,0x18,0x3C,0x1C,0x38,0x28,0x44,
  19                  0x00,0xC0,0x60,0xF0,0xF0,0x30,0x48,0x44,
  20                  0x00,0x30,0x18,0x3C,0x1C,0x38,0x28,0x44,
  21                  0x18,0x0C,0x1E,0x1C,0x0C,0x14,0x24,0x44,
  22                  0x00,0x30,0x18,0x3C,0x1C,0x38,0x28,0x44,
  23                  0x00,0xC0,0x60,0xF0,0xF0,0x30,0x48,0x44,
  24                  0x00,0x30,0x18,0x3C,0x1C,0x38,0x28,0x44,
  25                  0x18,0x0C,0x1E,0x1C,0x0C,0x14,0x24,0x44,
  26                  0x00,0x30,0x18,0x3C,0x1C,0x38,0x28,0x44,
  27                  0x00,0xC0,0x60,0xF0,0xF0,0x30,0x48,0x44,
  28                  
  29                  0x00,0x30,0x18,0x3C,0x1C,0x38,0x28,0x44,
  30                  0x18,0x0C,0x1E,0x1C,0x0C,0x14,0x24,0x44,
  31                  0X00,0X00,0X00,0X00,0X00,0X00,0X00,0X00,
  32          
  33          
  34          };
  35          
  36          
  37          void main()
  38          {
  39   1              unsigned char i,Offset=0,Count=0;
  40   1              
  41   1              
  42   1              MatrixLED_Init();
  43   1              
  44   1              while(1)
  45   1              {
  46   2                      
  47   2                      
  48   2                      for(i=0;i<8;i++)
  49   2                      {
  50   3                              MatrixLED_ShowColumn(i,Animation[i+Offset]);
  51   3                              
  52   3                      }
  53   2                      Count++;
  54   2                      if(Count>40)
C51 COMPILER V9.54   MAIN                                                                  10/29/2023 21:03:08 PAGE 2   

  55   2                      {
  56   3                              Count=0;
  57   3                              Offset+=8;
  58   3                              
  59   3                              if(Offset>160)
  60   3                              {
  61   4                                      Offset=0;
  62   4                                      
  63   4                              }
  64   3                      }
  65   2                      
  66   2                      
  67   2                      
  68   2              }
  69   1      }


MODULE INFORMATION:   STATIC OVERLAYABLE
   CODE SIZE        =     64    ----
   CONSTANT SIZE    =    168    ----
   XDATA SIZE       =   ----    ----
   PDATA SIZE       =   ----    ----
   DATA SIZE        =   ----       3
   IDATA SIZE       =   ----    ----
   BIT SIZE         =   ----    ----
END OF MODULE INFORMATION.


C51 COMPILATION COMPLETE.  0 WARNING(S),  0 ERROR(S)
