C51 COMPILER V9.54   MAIN                                                                  10/19/2023 02:36:08 PAGE 1   


C51 COMPILER V9.54, COMPILATION OF MODULE MAIN
OBJECT MODULE PLACED IN .\Objects\main.obj
COMPILER INVOKED BY: D:\Keil_v5\C51\BIN\C51.EXE main.c OPTIMIZE(8,SPEED) BROWSE DEBUG OBJECTEXTEND PRINT(.\Listings\main
                    -.lst) OBJECT(.\Objects\main.obj)

line level    source

   1          #include <REGX52.H>
   2          
   3          
   4          void Nixie(unsigned char Location,Number); 
   5          void Delay(unsigned int xms);
   6          
   7          
   8          void main(){
   9   1      
  10   1              while(1){
  11   2                      
  12   2                      Nixie(1,1);
  13   2                      Nixie(2,2);
  14   2                      Nixie(3,3);
  15   2                      
  16   2              }
  17   1      
  18   1      }
  19          
  20          
  21          
  22          void Nixie(unsigned char Location,Number){ //形参：位置 显示的位置
  23   1      
  24   1              unsigned char NixieTable[]={0x3f,0x06,0x5b,0x4f,0x66,0x6d,0x7d,0x07,0x7f,0x6f,0x77,0x7c,0x39,0x5e,0x79,0x
             -71};
  25   1              
  26   1              
  27   1              
  28   1              switch(Location){
  29   2              
  30   2                      case 1:P2_4=1;P2_3=1;P2_2=1; break;
  31   2                      case 2:P2_4=1;P2_3=1;P2_2=0; break;
  32   2                      case 3:P2_4=1;P2_3=0;P2_2=1; break;
  33   2                      case 4:P2_4=1;P2_3=0;P2_2=0; break;
  34   2                      case 5:P2_4=0;P2_3=1;P2_2=1; break;
  35   2                      case 6:P2_4=0;P2_3=1;P2_2=0; break;
  36   2                      case 7:P2_4=0;P2_3=0;P2_2=1; break;
  37   2                      case 8:P2_4=0;P2_3=0;P2_2=0; break;
  38   2              
  39   2              }
  40   1              
  41   1              P0=NixieTable[Number];
  42   1              Delay(1);
  43   1              P0=0x00;
  44   1      }
  45          
  46          void Delay(unsigned int xms){
  47   1      
  48   1              unsigned char i, j;
  49   1              
  50   1              while(xms){
  51   2              
  52   2                      i = 2;
  53   2                      j = 239;
C51 COMPILER V9.54   MAIN                                                                  10/19/2023 02:36:08 PAGE 2   

  54   2                      do
  55   2                      {
  56   3                              while (--j);
  57   3                      } while (--i);
  58   2              
  59   2                      xms--;
  60   2              
  61   2              
  62   2              }
  63   1      
  64   1      }


MODULE INFORMATION:   STATIC OVERLAYABLE
   CODE SIZE        =    185    ----
   CONSTANT SIZE    =     16    ----
   XDATA SIZE       =   ----    ----
   PDATA SIZE       =   ----    ----
   DATA SIZE        =   ----      19
   IDATA SIZE       =   ----    ----
   BIT SIZE         =   ----    ----
END OF MODULE INFORMATION.


C51 COMPILATION COMPLETE.  0 WARNING(S),  0 ERROR(S)
