C51 COMPILER V9.54   MAIN                                                                  10/26/2023 21:16:03 PAGE 1   


C51 COMPILER V9.54, COMPILATION OF MODULE MAIN
OBJECT MODULE PLACED IN .\Objects\main.obj
COMPILER INVOKED BY: D:\Keil_v5\C51\BIN\C51.EXE main.c OPTIMIZE(8,SPEED) BROWSE DEBUG OBJECTEXTEND PRINT(.\Listings\main
                    -.lst) OBJECT(.\Objects\main.obj)

line level    source

   1          #include <REGX52.H>
   2          #include "Timer0.h"
   3          #include "Key.h"
   4          #include "Key.h"
   5          #include <INTRINS.H>
   6          
   7          unsigned char KeyNum,LEDMode=0;
   8          
   9          
  10          void main()
  11          {
  12   1              P2=0xFE;
  13   1              
  14   1              Timer0_Init(); 
  15   1              
  16   1              while(1)
  17   1              {
  18   2                      KeyNum=Key();
  19   2                      
  20   2                      if(KeyNum!=0)
  21   2                      {
  22   3                              if(KeyNum==1)
  23   3                              {
  24   4                                      LEDMode++;
  25   4                                      if(LEDMode>=2){LEDMode=0;}
  26   4                              }
  27   3                              
  28   3                      
  29   3                      
  30   3                      }
  31   2              }
  32   1      }
  33          
  34          
  35          
  36          void Timer0_Rountine()  interrupt 1
  37          {
  38   1              static unsigned int T0Count=0; //静态变量 子函数退出后保留，不销毁
  39   1              
  40   1              //为了让定时器始终相隔固定时间溢出一次，因此每次溢出时都进行赋值
  41   1              TH0=64535/256;
  42   1              TL0=64535%256;
  43   1              T0Count++;
  44   1              
  45   1              //溢出一千次改变一次状态，就可以做成一秒闪一次
  46   1              if(T0Count>=500)
  47   1              {
  48   2                      T0Count=0;
  49   2                      if(LEDMode==0){P2=_cror_(P2,1);}
  50   2                      if(LEDMode==1){P2=_crol_(P2,1);}
  51   2              }
  52   1      
  53   1      }
  54          
C51 COMPILER V9.54   MAIN                                                                  10/26/2023 21:16:03 PAGE 2   

  55          
  56          
  57          
  58          


MODULE INFORMATION:   STATIC OVERLAYABLE
   CODE SIZE        =    116    ----
   CONSTANT SIZE    =   ----    ----
   XDATA SIZE       =   ----    ----
   PDATA SIZE       =   ----    ----
   DATA SIZE        =      4    ----
   IDATA SIZE       =   ----    ----
   BIT SIZE         =   ----    ----
END OF MODULE INFORMATION.


C51 COMPILATION COMPLETE.  0 WARNING(S),  0 ERROR(S)
