C51 COMPILER V9.54   TIMER0                                                                10/26/2023 20:59:48 PAGE 1   


C51 COMPILER V9.54, COMPILATION OF MODULE TIMER0
OBJECT MODULE PLACED IN .\Objects\Timer0.obj
COMPILER INVOKED BY: D:\Keil_v5\C51\BIN\C51.EXE Timer0.c OPTIMIZE(8,SPEED) BROWSE DEBUG OBJECTEXTEND PRINT(.\Listings\Ti
                    -mer0.lst) OBJECT(.\Objects\Timer0.obj)

line level    source

   1          #include <REGX52.H>
   2          
   3          /**
   4            * @brief      定时器0初始化，1毫秒@12.000MHz
   5            * @param      无
   6            * @retval     无
   7            
   8          */
   9          void Timer0_Init()              //1毫秒@12.000MHz
  10          {
  11   1              //配置定时器工作模式
  12   1              TMOD&=0xF0;   //高四位不变，低四位清零
  13   1              TMOD|=0x01;       //高四位不变，低四位置1
  14   1                                        //通过与或的方式只改变低四位，不影响高四位
  15   1              
  16   1              TF0=0;                  //清除TF0标志
  17   1              TR0=1;                  //定时器0开始计时
  18   1              
  19   1              TH0=0xFC;               //设置定时初值
  20   1              TL0=0x18;               //设置定时初值
  21   1              
  22   1              ET0=1;                  //定时器0中断允许
  23   1              EA=1;                   //中断总开关打开
  24   1              
  25   1              PT0=0;                  //优先级最低
  26   1      }
  27          
  28          
  29          /*  定时器中断函数模板
  30          
  31          void Timer0_Rountine()  interrupt 1
  32          {
  33                  static unsigned int T0Count=0; //静态变量 子函数退出后保留，不销毁
  34                  
  35                  //为了让定时器始终每隔1ms溢出一次，因此每次溢出时都进行赋值
  36                  TH0=0xFC;
  37                  TL0=0x18;
  38                  T0Count++;
  39                  
  40                  //溢出一千次改变一次状态，就可以做成一秒闪一次
  41                  if(T0Count>=1000)
  42                  {
  43                          T0Count=0;
  44                          P2_0=~P2_0;
  45                  }
  46          
  47          }
  48          
  49          
  50          */


MODULE INFORMATION:   STATIC OVERLAYABLE
   CODE SIZE        =     23    ----
C51 COMPILER V9.54   TIMER0                                                                10/26/2023 20:59:48 PAGE 2   

   CONSTANT SIZE    =   ----    ----
   XDATA SIZE       =   ----    ----
   PDATA SIZE       =   ----    ----
   DATA SIZE        =   ----    ----
   IDATA SIZE       =   ----    ----
   BIT SIZE         =   ----    ----
END OF MODULE INFORMATION.


C51 COMPILATION COMPLETE.  0 WARNING(S),  0 ERROR(S)
