C51 COMPILER V9.54   MAIN                                                                  10/27/2023 10:53:09 PAGE 1   


C51 COMPILER V9.54, COMPILATION OF MODULE MAIN
OBJECT MODULE PLACED IN .\Objects\main.obj
COMPILER INVOKED BY: D:\Keil_v5\C51\BIN\C51.EXE main.c OPTIMIZE(8,SPEED) BROWSE DEBUG OBJECTEXTEND PRINT(.\Listings\main
                    -.lst) OBJECT(.\Objects\main.obj)

line level    source

   1          #include <REGX52.H>
   2          
   3          #include "LCD1602.h"
   4          #include "Timer0.h"
   5          #include "Delay.h"
   6          
   7          
   8          unsigned int Sec=0,Min=0,Hour=0;
   9          
  10          void main()
  11          {
  12   1              LCD_Init();
  13   1              Timer0_Init();
  14   1              
  15   1              LCD_ShowString(1,1,"CLOCK:");
  16   1              
  17   1              
  18   1              while(1)
  19   1              {
  20   2                      LCD_ShowChar(2,3,':');
  21   2                      LCD_ShowChar(2,6,':');
  22   2                      
  23   2                      LCD_ShowNum(2,7,Sec,2);
  24   2                      LCD_ShowNum(2,4,Min,2);
  25   2                      LCD_ShowNum(2,1,Hour,2);
  26   2              }
  27   1      }
  28          
  29          
  30          
  31          
  32          void Timer0_Rountine()  interrupt 1
  33          {
  34   1              static unsigned int T0Count=0; //静态变量 子函数退出后保留，不销毁
  35   1              
  36   1              //为了让定时器始终每隔1ms溢出一次，因此每次溢出时都进行赋值
  37   1              TH0=0xFC;
  38   1              TL0=0x18;
  39   1              T0Count++;
  40   1              
  41   1              //溢出一千次改变一次状态，就可以做成一秒闪一次
  42   1              if(T0Count>=1000)
  43   1              {
  44   2                      T0Count=0;
  45   2                      Sec++;
  46   2                      if(Sec>=60)
  47   2                      {
  48   3                              Sec=0;
  49   3                              Min++;
  50   3                              
  51   3                              if(Min>=60)
  52   3                              {
  53   4                                      Min=0;
  54   4                                      Hour++;
C51 COMPILER V9.54   MAIN                                                                  10/27/2023 10:53:09 PAGE 2   

  55   4                                      
  56   4                                      if(Hour>=24)
  57   4                                      {
  58   5                                              Hour=0;
  59   5                                      }
  60   4                              }
  61   3                      }
  62   2                      
  63   2              }
  64   1      
  65   1      }


MODULE INFORMATION:   STATIC OVERLAYABLE
   CODE SIZE        =    185    ----
   CONSTANT SIZE    =      7    ----
   XDATA SIZE       =   ----    ----
   PDATA SIZE       =   ----    ----
   DATA SIZE        =      8    ----
   IDATA SIZE       =   ----    ----
   BIT SIZE         =   ----    ----
END OF MODULE INFORMATION.


C51 COMPILATION COMPLETE.  0 WARNING(S),  0 ERROR(S)
