C51 COMPILER V9.54   MAIN                                                                  10/13/2023 04:01:20 PAGE 1   


C51 COMPILER V9.54, COMPILATION OF MODULE MAIN
OBJECT MODULE PLACED IN .\Objects\main.obj
COMPILER INVOKED BY: D:\Keil_v5\C51\BIN\C51.EXE main.c OPTIMIZE(8,SPEED) BROWSE DEBUG OBJECTEXTEND PRINT(.\Listings\main
                    -.lst) TABS(2) OBJECT(.\Objects\main.obj)

line level    source

   1          #include <REGX52.H>
   2          #include <INTRINS.H>
   3          
   4          
   5          void Delay1ms(unsigned int xms)   //@12.000MHz
   6          {
   7   1        unsigned char i, j;
   8   1        
   9   1        while(xms){
  10   2          
  11   2      
  12   2          i = 2;
  13   2          j = 239;
  14   2          do
  15   2          {
  16   3            while (--j);
  17   3          } while (--i);
  18   2        
  19   2          xms--;
  20   2        
  21   2        }
  22   1        
  23   1      }
  24          
  25          
  26          
  27          void main()
  28          {
  29   1        unsigned int x;
  30   1        x=100;
  31   1        
  32   1        while(1){
  33   2          P2=0xFE;
  34   2          Delay1ms(x);
  35   2          
  36   2          
  37   2          P2=0xFD;
  38   2          Delay1ms(x);
  39   2          
  40   2          
  41   2          P2=0xFB;
  42   2          Delay1ms(x);
  43   2          
  44   2          
  45   2          P2=0xF7;
  46   2          Delay1ms(x);
  47   2          
  48   2          
  49   2          P2=0xEF;
  50   2          Delay1ms(x);
  51   2          
  52   2          
  53   2          P2=0xDF;
  54   2          Delay1ms(x);
C51 COMPILER V9.54   MAIN                                                                  10/13/2023 04:01:20 PAGE 2   

  55   2          
  56   2          
  57   2          P2=0xBF;
  58   2          Delay1ms(x);
  59   2          
  60   2          P2=0x7F;
  61   2          Delay1ms(x);
  62   2        
  63   2        }
  64   1      }


MODULE INFORMATION:   STATIC OVERLAYABLE
   CODE SIZE        =     78    ----
   CONSTANT SIZE    =   ----    ----
   XDATA SIZE       =   ----    ----
   PDATA SIZE       =   ----    ----
   DATA SIZE        =   ----    ----
   IDATA SIZE       =   ----    ----
   BIT SIZE         =   ----    ----
END OF MODULE INFORMATION.


C51 COMPILATION COMPLETE.  0 WARNING(S),  0 ERROR(S)
