C51 COMPILER V9.54   MAIN                                                                  10/24/2023 16:09:42 PAGE 1   


C51 COMPILER V9.54, COMPILATION OF MODULE MAIN
OBJECT MODULE PLACED IN .\Objects\main.obj
COMPILER INVOKED BY: D:\Keil_v5\C51\BIN\C51.EXE main.c OPTIMIZE(8,SPEED) BROWSE DEBUG OBJECTEXTEND PRINT(.\Listings\main
                    -.lst) OBJECT(.\Objects\main.obj)

line level    source

   1          #include <REGX52.H>
   2          #include "Delay.h"
   3          #include "LCD1602.h"
   4          #include "MatrixKey.h"
   5          
   6          
   7          unsigned char KeyNum;
   8          
   9          
  10          void main(){
  11   1              
  12   1              
  13   1              LCD_Init();
  14   1              LCD_ShowString(1,1,"PASSWORD");
  15   1              while(1){
  16   2              
  17   2                      KeyNum=MatrixKey();
  18   2                      
  19   2                      if(KeyNum!=0){
  20   3                              
  21   3                              LCD_ShowNum(2,1,KeyNum,2);
  22   3                      
  23   3                      
  24   3                      }
  25   2              
  26   2              
  27   2              
  28   2              }
  29   1      
  30   1      
  31   1              
  32   1              
  33   1              
  34   1              
  35   1              
  36   1      }
  37                  
  38                  
  39                  
  40                  


MODULE INFORMATION:   STATIC OVERLAYABLE
   CODE SIZE        =     40    ----
   CONSTANT SIZE    =      9    ----
   XDATA SIZE       =   ----    ----
   PDATA SIZE       =   ----    ----
   DATA SIZE        =      1    ----
   IDATA SIZE       =   ----    ----
   BIT SIZE         =   ----    ----
END OF MODULE INFORMATION.


C51 COMPILATION COMPLETE.  0 WARNING(S),  0 ERROR(S)
