C51 COMPILER V9.54   MAIN                                                                  10/15/2023 01:21:52 PAGE 1   


C51 COMPILER V9.54, COMPILATION OF MODULE MAIN
OBJECT MODULE PLACED IN .\Objects\main.obj
COMPILER INVOKED BY: D:\Keil_v5\C51\BIN\C51.EXE main.c OPTIMIZE(8,SPEED) BROWSE DEBUG OBJECTEXTEND PRINT(.\Listings\main
                    -.lst) OBJECT(.\Objects\main.obj)

line level    source

   1          #include <REGX52.H>
   2          
   3          void Delay(unsigned int xms);           
   4          
   5          
   6          void main(){
   7   1      
   8   1      //      P2=0xFE;
   9   1              
  10   1              while(1){
  11   2                       
  12   2                      if(P3_1==0){
  13   3                              
  14   3                              Delay(20);   //按下抖动
  15   3                              
  16   3                              while(P3_1==0);
  17   3                              Delay(20);   //松手抖动
  18   3                              P2_0=~P2_0;  //直接取反
  19   3                      
  20   3                      }
  21   2                      
  22   2      //              if(P3_1==0 && P2_0==0){
  23   2      //                      
  24   2      //                      Delay(20);
  25   2      //                      while(P3_1==0);
  26   2      //                      Delay(20);
  27   2      //                      P2_0=1;
  28   2      //                      
  29   2      //              
  30   2      //              
  31   2      //              }
  32   2                      
  33   2                      
  34   2                      
  35   2              }
  36   1      
  37   1      
  38   1      
  39   1      }
  40          
  41          void Delay(unsigned int xms)            
  42          {
  43   1              unsigned char i, j;
  44   1              
  45   1              while(xms){
  46   2                      i = 2;
  47   2                      j = 239;
  48   2                      do
  49   2                      {
  50   3                              while (--j);
  51   3                      } while (--i);
  52   2                      xms--;
  53   2              
  54   2              }
C51 COMPILER V9.54   MAIN                                                                  10/15/2023 01:21:52 PAGE 2   

  55   1              
  56   1      }
  57          


MODULE INFORMATION:   STATIC OVERLAYABLE
   CODE SIZE        =     44    ----
   CONSTANT SIZE    =   ----    ----
   XDATA SIZE       =   ----    ----
   PDATA SIZE       =   ----    ----
   DATA SIZE        =   ----    ----
   IDATA SIZE       =   ----    ----
   BIT SIZE         =   ----    ----
END OF MODULE INFORMATION.


C51 COMPILATION COMPLETE.  0 WARNING(S),  0 ERROR(S)
