C51 COMPILER V9.54   MAIN                                                                  10/13/2023 04:30:49 PAGE 1   


C51 COMPILER V9.54, COMPILATION OF MODULE MAIN
OBJECT MODULE PLACED IN .\Objects\main.obj
COMPILER INVOKED BY: D:\Keil_v5\C51\BIN\C51.EXE main.c OPTIMIZE(8,SPEED) BROWSE DEBUG OBJECTEXTEND PRINT(.\Listings\main
                    -.lst) TABS(2) OBJECT(.\Objects\main.obj)

line level    source

   1          #include <REGX52.H>
   2          #include <INTRINS.H>
   3          
   4          void Delay1ms(unsigned int xms)   //@12.000MHz
   5          {
   6   1        unsigned char i, j;
   7   1        
   8   1        while(xms){
   9   2          
  10   2      
  11   2          i = 2;
  12   2          j = 239;
  13   2          do
  14   2          {
  15   3            while (--j);
  16   3          } while (--i);
  17   2        
  18   2          xms--;
  19   2        
  20   2        }
  21   1        
  22   1      }
  23          
  24          
  25          void main(){
  26   1        unsigned int x;
  27   1        x=100;
  28   1        
  29   1        while(1){
  30   2          //123432
  31   2          P2=0x7E;
  32   2          Delay1ms(x);
  33   2          
  34   2          
  35   2          P2=0xBD;
  36   2          Delay1ms(x);
  37   2          
  38   2          
  39   2          P2=0xDB;
  40   2          Delay1ms(x);
  41   2          
  42   2          
  43   2          P2=0xE7;
  44   2          Delay1ms(x);
  45   2          
  46   2          
  47   2          
  48   2          P2=0xDB;
  49   2          Delay1ms(x);
  50   2          
  51   2          P2=0xBD;
  52   2          Delay1ms(x);
  53   2          
  54   2          
C51 COMPILER V9.54   MAIN                                                                  10/13/2023 04:30:49 PAGE 2   

  55   2          
  56   2          
  57   2        }
  58   1      }


MODULE INFORMATION:   STATIC OVERLAYABLE
   CODE SIZE        =     64    ----
   CONSTANT SIZE    =   ----    ----
   XDATA SIZE       =   ----    ----
   PDATA SIZE       =   ----    ----
   DATA SIZE        =   ----    ----
   IDATA SIZE       =   ----    ----
   BIT SIZE         =   ----    ----
END OF MODULE INFORMATION.


C51 COMPILATION COMPLETE.  0 WARNING(S),  0 ERROR(S)
