C51 COMPILER V9.54   MAIN                                                                  10/15/2023 02:14:41 PAGE 1   


C51 COMPILER V9.54, COMPILATION OF MODULE MAIN
OBJECT MODULE PLACED IN .\Objects\main.obj
COMPILER INVOKED BY: D:\Keil_v5\C51\BIN\C51.EXE main.c OPTIMIZE(8,SPEED) BROWSE DEBUG OBJECTEXTEND PRINT(.\Listings\main
                    -.lst) OBJECT(.\Objects\main.obj)

line level    source

   1          #include <REGX52.H>
   2          
   3          void Delay(unsigned int xms);           
   4          
   5          
   6          void main(){
   7   1      
   8   1      
   9   1              unsigned char num_LED=0;
  10   1              P2=~0x01;
  11   1              while(1){
  12   2                       
  13   2                      if(P3_1==0){
  14   3                              
  15   3                              Delay(20);   
  16   3                              while(P3_1==0);
  17   3                              Delay(20);   
  18   3                              
  19   3                              
  20   3                              num_LED++;
  21   3                              
  22   3                              if(num_LED>=8){
  23   4                                      num_LED=0;
  24   4                              }
  25   3                              
  26   3                              P2=~(0x01<<num_LED);
  27   3                      
  28   3                      }
  29   2              
  30   2                      
  31   2                      if(P3_0==0){
  32   3                              
  33   3                              Delay(20);   
  34   3                              while(P3_0==0);
  35   3                              Delay(20);   
  36   3                              
  37   3                              if(num_LED==0){
  38   4                                      num_LED=7;
  39   4                              }
  40   3                              else{
  41   4                                      num_LED--;
  42   4                              }
  43   3                              
  44   3                              P2=~(0x01<<num_LED);
  45   3                              
  46   3                              
  47   3                      }
  48   2                      
  49   2              
  50   2      }
  51   1      
  52   1      void Delay(unsigned int xms)            
*** ERROR C141 IN LINE 52 OF main.c: syntax error near 'void'
  53   1      {
C51 COMPILER V9.54   MAIN                                                                  10/15/2023 02:14:41 PAGE 2   

  54   1              unsigned char i, j;
  55   1              
  56   1              while(xms){
  57   2                      i = 2;
  58   2                      j = 239;
  59   2                      do
  60   2                      {
  61   3                              while (--j);
  62   3                      } while (--i);
  63   2                      xms--;
  64   2              
  65   2              }
  66   1              
  67   1      }
  68          

C51 COMPILATION COMPLETE.  0 WARNING(S),  1 ERROR(S)
