C51 COMPILER V9.54   MAIN                                                                  10/31/2023 23:43:11 PAGE 1   


C51 COMPILER V9.54, COMPILATION OF MODULE MAIN
OBJECT MODULE PLACED IN .\Objects\main.obj
COMPILER INVOKED BY: D:\Keil_v5\C51\BIN\C51.EXE main.c OPTIMIZE(8,SPEED) BROWSE DEBUG OBJECTEXTEND PRINT(.\Listings\main
                    -.lst) OBJECT(.\Objects\main.obj)

line level    source

   1          #include <REGX52.H>
   2          #include "LCD1602.h"
   3          #include "DS1302.h"
   4          #include "Key.h"
   5          #include "Timer0.h"
   6          
   7          unsigned char KeyNum,MODE=0,TimeSetSelect=0,TimeSetFlashFlag;
   8          
   9          
  10          void TimeShow()  //时间显示功能
  11          {
  12   1              DS1302_ReadTime();//读取时间
  13   1                      
  14   1              LCD_ShowNum(1,1,DS1302_Time[0],2);//显示年
  15   1              LCD_ShowNum(1,4,DS1302_Time[1],2);//显示月
  16   1              LCD_ShowNum(1,7,DS1302_Time[2],2);//显示日
  17   1              LCD_ShowNum(2,1,DS1302_Time[3],2);//显示时
  18   1              LCD_ShowNum(2,4,DS1302_Time[4],2);//显示分
  19   1              LCD_ShowNum(2,7,DS1302_Time[5],2);//显示秒
  20   1      }
  21          
  22          
  23          void TimeSet()//时间设置功能
  24          {
  25   1              
  26   1              if(KeyNum==2)//按键2按下
  27   1              {
  28   2                      TimeSetSelect++;                                                //设置选择位加1
  29   2                      if(TimeSetSelect>5){TimeSetSelect=0;}   //越界清零
  30   2              }
  31   1              
  32   1              if(KeyNum==3)//按键3按下
  33   1              {
  34   2                      DS1302_Time[TimeSetSelect]++;//时间设置位数值加1
  35   2                      
  36   2                      if(DS1302_Time[0]>99){DS1302_Time[0]=0;}//年越界判断
  37   2                      if(DS1302_Time[1]>12){DS1302_Time[1]=1;}//月越界判断
  38   2                      
  39   2                      //日越界判断
  40   2                      if( DS1302_Time[1]==1 || DS1302_Time[1]==3 || DS1302_Time[1]==5  || 
  41   2                              DS1302_Time[1]==7 || DS1302_Time[1]==8 || DS1302_Time[1]==10 || 
  42   2                              DS1302_Time[1]==12 )    
  43   2                      {
  44   3                              if(DS1302_Time[2]>31){DS1302_Time[2]=1;}//大月
  45   3                      }
  46   2                      else if(DS1302_Time[1]==4 ||DS1302_Time[1]==6 ||DS1302_Time[1]==9 ||DS1302_Time[1]==11)
  47   2                      {
  48   3                              if(DS1302_Time[2]>30){DS1302_Time[2]=1;}//小月
  49   3                      }
  50   2                      else if(DS1302_Time[1]==2)
  51   2                      {
  52   3                              if(DS1302_Time[0]%4==0)
  53   3                              {
  54   4                                      if(DS1302_Time[2]>29){DS1302_Time[2]=1;}//闰年2月
C51 COMPILER V9.54   MAIN                                                                  10/31/2023 23:43:11 PAGE 2   

  55   4                              }
  56   3                              else
  57   3                              {
  58   4                                      if(DS1302_Time[2]>28){DS1302_Time[2]=1;}//平年2月
  59   4                              }
  60   3                      }
  61   2                      
  62   2                      if(DS1302_Time[3]>23){DS1302_Time[3]=0;}//时越界判断
  63   2                      if(DS1302_Time[4]>59){DS1302_Time[4]=0;}//分越界判断
  64   2                      if(DS1302_Time[5]>59){DS1302_Time[5]=0;}//秒越界判断
  65   2              }
  66   1              
  67   1              if(KeyNum==4)//按键3按下
  68   1              {
  69   2                      DS1302_Time[TimeSetSelect]--;//时间设置位数值减1
  70   2                      
  71   2                      if(DS1302_Time[0]<0){DS1302_Time[0]=99;}//年越界判断
  72   2                      if(DS1302_Time[1]<1){DS1302_Time[1]=12;}//月越界判断
  73   2                      
  74   2                      //日越界判断
  75   2                      if( DS1302_Time[1]==1 || DS1302_Time[1]==3 || DS1302_Time[1]==5  || 
  76   2                              DS1302_Time[1]==7 || DS1302_Time[1]==8 || DS1302_Time[1]==10 || 
  77   2                              DS1302_Time[1]==12 )
  78   2                      {
  79   3                              if(DS1302_Time[2]<1){DS1302_Time[2]=31;}//大月
  80   3                              if(DS1302_Time[2]>31){DS1302_Time[2]=1;}
  81   3                      }
  82   2                      else if(DS1302_Time[1]==4 ||DS1302_Time[1]==6 ||DS1302_Time[1]==9 ||DS1302_Time[1]==11)
  83   2                      {
  84   3                              if(DS1302_Time[2]<1){DS1302_Time[2]=30;}//小月
  85   3                              if(DS1302_Time[2]>30){DS1302_Time[2]=1;}
  86   3                      }
  87   2                      else if(DS1302_Time[1]==2)
  88   2                      {
  89   3                              if(DS1302_Time[0]%4==0)
  90   3                              {
  91   4                                      if(DS1302_Time[2]<1){DS1302_Time[2]=29;}//闰年2月
  92   4                                      if(DS1302_Time[2]>29){DS1302_Time[2]=1;}
  93   4                              }
  94   3                              else
  95   3                              {
  96   4                                      if(DS1302_Time[2]<1){DS1302_Time[2]=28;}//平年2月
  97   4                                      if(DS1302_Time[2]>28){DS1302_Time[2]=1;}
  98   4                              }
  99   3                      }
 100   2                      
 101   2                      if(DS1302_Time[3]<0){DS1302_Time[3]=23;}//时越界判断
 102   2                      if(DS1302_Time[4]<0){DS1302_Time[4]=59;}//分越界判断
 103   2                      if(DS1302_Time[5]<0){DS1302_Time[5]=59;}//秒越界判断
 104   2                      
 105   2                      
 106   2              }
 107   1              
 108   1              //更新显示，根据TimeSetSelect和TimeSetFlashFlag判断可完成闪烁功能
 109   1              if(TimeSetSelect==0 && TimeSetFlashFlag==1){LCD_ShowString(1,1,"  ");}
 110   1              else{LCD_ShowNum(1,1,DS1302_Time[0],2);}
 111   1              if(TimeSetSelect==1 && TimeSetFlashFlag==1){LCD_ShowString(1,4,"  ");}
 112   1              else{LCD_ShowNum(1,4,DS1302_Time[1],2);}
 113   1              if(TimeSetSelect==2 && TimeSetFlashFlag==1){LCD_ShowString(1,7,"  ");}
 114   1              else{LCD_ShowNum(1,7,DS1302_Time[2],2);}
 115   1              
 116   1              if(TimeSetSelect==3 && TimeSetFlashFlag==1){LCD_ShowString(2,1,"  ");}
C51 COMPILER V9.54   MAIN                                                                  10/31/2023 23:43:11 PAGE 3   

 117   1              else{LCD_ShowNum(2,1,DS1302_Time[3],2);}
 118   1              if(TimeSetSelect==4 && TimeSetFlashFlag==1){LCD_ShowString(2,4,"  ");}
 119   1              else{LCD_ShowNum(2,4,DS1302_Time[4],2);}
 120   1              if(TimeSetSelect==5 && TimeSetFlashFlag==1){LCD_ShowString(2,7,"  ");}
 121   1              else{LCD_ShowNum(2,7,DS1302_Time[5],2);}
 122   1              
 123   1      }
 124          
 125          void main()
 126          {
 127   1              LCD_Init();
 128   1              DS1302_Init();
 129   1              Timer0_Init();
 130   1              
 131   1              LCD_ShowString(1,1,"  -  -  ");//静态字符初始化显示
 132   1              LCD_ShowString(2,1,"  :  :  ");
 133   1      
 134   1              DS1302_SetTime();//设置时间
 135   1              
 136   1              while(1)
 137   1              {
 138   2                      
 139   2                      KeyNum=Key();//读取键码
 140   2                      if(KeyNum==1)//按键1按下
 141   2                      {
 142   3                              if(MODE==0)//功能切换
 143   3                              {
 144   4                                      MODE=1;
 145   4                                      TimeSetSelect=0;
 146   4                              }
 147   3                              else if(MODE==1)
 148   3                              {
 149   4                                      MODE=0;
 150   4                                      DS1302_SetTime();
 151   4                              }
 152   3                      }
 153   2                      
 154   2                      switch(MODE)//根据不同的功能执行不同的函数
 155   2                      {
 156   3                              case 0 :TimeShow();break;
 157   3                              case 1 :TimeSet();break;
 158   3                      }
 159   2                      
 160   2              }
 161   1      }
 162          
 163          
 164          void Timer0_Rountine()  interrupt 1
 165          {
 166   1              static unsigned int T0Count=0; //静态变量 子函数退出后保留，不销毁
 167   1              
 168   1              //为了让定时器始终每隔1ms溢出一次，因此每次溢出时都进行赋值
 169   1              TH0=0xFC;
 170   1              TL0=0x66;
 171   1              T0Count++;
 172   1              
 173   1              if(T0Count>=500)//每500ms进入一次
 174   1              {
 175   2                      T0Count=0;
 176   2                      TimeSetFlashFlag=!TimeSetFlashFlag;//闪烁标志位取反
 177   2              }
 178   1      
C51 COMPILER V9.54   MAIN                                                                  10/31/2023 23:43:11 PAGE 4   

 179   1      }


MODULE INFORMATION:   STATIC OVERLAYABLE
   CODE SIZE        =    970    ----
   CONSTANT SIZE    =     21    ----
   XDATA SIZE       =   ----    ----
   PDATA SIZE       =   ----    ----
   DATA SIZE        =      6    ----
   IDATA SIZE       =   ----    ----
   BIT SIZE         =   ----    ----
END OF MODULE INFORMATION.


C51 COMPILATION COMPLETE.  0 WARNING(S),  0 ERROR(S)
